{"C:\\Users\\DAW2\\Desktop\\paw-connect\\app.js":{"path":"C:\\Users\\DAW2\\Desktop\\paw-connect\\app.js","statementMap":{"0":{"start":{"line":1,"column":0},"end":{"line":1,"column":27}},"1":{"start":{"line":2,"column":16},"end":{"line":2,"column":34}},"2":{"start":{"line":3,"column":12},"end":{"line":3,"column":21}},"3":{"start":{"line":4,"column":13},"end":{"line":4,"column":28}},"4":{"start":{"line":5,"column":15},"end":{"line":5,"column":32}},"5":{"start":{"line":6,"column":15},"end":{"line":6,"column":41}},"6":{"start":{"line":7,"column":13},"end":{"line":7,"column":37}},"7":{"start":{"line":8,"column":17},"end":{"line":8,"column":45}},"8":{"start":{"line":10,"column":47},"end":{"line":10,"column":69}},"9":{"start":{"line":11,"column":34},"end":{"line":11,"column":62}},"10":{"start":{"line":13,"column":0},"end":{"line":13,"column":24}},"11":{"start":{"line":14,"column":0},"end":{"line":14,"column":16}},"12":{"start":{"line":16,"column":18},"end":{"line":16,"column":70}},"13":{"start":{"line":17,"column":0},"end":{"line":17,"column":27}},"14":{"start":{"line":19,"column":0},"end":{"line":30,"column":3}},"15":{"start":{"line":20,"column":4},"end":{"line":29,"column":5}},"16":{"start":{"line":21,"column":8},"end":{"line":21,"column":31}},"17":{"start":{"line":22,"column":8},"end":{"line":26,"column":11}},"18":{"start":{"line":28,"column":8},"end":{"line":28,"column":28}},"19":{"start":{"line":32,"column":0},"end":{"line":34,"column":3}},"20":{"start":{"line":33,"column":4},"end":{"line":33,"column":38}},"21":{"start":{"line":36,"column":0},"end":{"line":46,"column":3}},"22":{"start":{"line":37,"column":4},"end":{"line":45,"column":5}},"23":{"start":{"line":38,"column":23},"end":{"line":38,"column":74}},"24":{"start":{"line":39,"column":8},"end":{"line":39,"column":85}},"25":{"start":{"line":39,"column":20},"end":{"line":39,"column":85}},"26":{"start":{"line":41,"column":26},"end":{"line":41,"column":53}},"27":{"start":{"line":42,"column":8},"end":{"line":42,"column":87}},"28":{"start":{"line":44,"column":8},"end":{"line":44,"column":42}},"29":{"start":{"line":48,"column":0},"end":{"line":60,"column":3}},"30":{"start":{"line":49,"column":4},"end":{"line":59,"column":5}},"31":{"start":{"line":50,"column":39},"end":{"line":50,"column":47}},"32":{"start":{"line":51,"column":21},"end":{"line":51,"column":53}},"33":{"start":{"line":53,"column":8},"end":{"line":55,"column":9}},"34":{"start":{"line":54,"column":12},"end":{"line":54,"column":81}},"35":{"start":{"line":56,"column":8},"end":{"line":56,"column":39}},"36":{"start":{"line":58,"column":8},"end":{"line":58,"column":50}},"37":{"start":{"line":62,"column":0},"end":{"line":74,"column":3}},"38":{"start":{"line":63,"column":24},"end":{"line":63,"column":32}},"39":{"start":{"line":64,"column":4},"end":{"line":64,"column":86}},"40":{"start":{"line":64,"column":18},"end":{"line":64,"column":86}},"41":{"start":{"line":66,"column":4},"end":{"line":73,"column":5}},"42":{"start":{"line":67,"column":24},"end":{"line":67,"column":51}},"43":{"start":{"line":68,"column":21},"end":{"line":68,"column":53}},"44":{"start":{"line":69,"column":8},"end":{"line":69,"column":85}},"45":{"start":{"line":69,"column":19},"end":{"line":69,"column":85}},"46":{"start":{"line":70,"column":8},"end":{"line":70,"column":39}},"47":{"start":{"line":72,"column":8},"end":{"line":72,"column":70}},"48":{"start":{"line":76,"column":0},"end":{"line":78,"column":3}},"49":{"start":{"line":77,"column":4},"end":{"line":77,"column":34}},"50":{"start":{"line":80,"column":0},"end":{"line":86,"column":3}},"51":{"start":{"line":81,"column":4},"end":{"line":85,"column":59}},"52":{"start":{"line":82,"column":23},"end":{"line":82,"column":59}},"53":{"start":{"line":83,"column":8},"end":{"line":83,"column":74}},"54":{"start":{"line":83,"column":21},"end":{"line":83,"column":74}},"55":{"start":{"line":84,"column":8},"end":{"line":84,"column":25}},"56":{"start":{"line":85,"column":20},"end":{"line":85,"column":57}},"57":{"start":{"line":88,"column":0},"end":{"line":92,"column":3}},"58":{"start":{"line":89,"column":4},"end":{"line":91,"column":56}},"59":{"start":{"line":90,"column":8},"end":{"line":90,"column":60}},"60":{"start":{"line":91,"column":20},"end":{"line":91,"column":54}},"61":{"start":{"line":94,"column":0},"end":{"line":97,"column":3}},"62":{"start":{"line":95,"column":4},"end":{"line":95,"column":83}},"63":{"start":{"line":95,"column":56},"end":{"line":95,"column":83}},"64":{"start":{"line":96,"column":4},"end":{"line":96,"column":24}},"65":{"start":{"line":99,"column":0},"end":{"line":101,"column":3}},"66":{"start":{"line":100,"column":4},"end":{"line":100,"column":64}},"67":{"start":{"line":103,"column":0},"end":{"line":109,"column":3}},"68":{"start":{"line":104,"column":4},"end":{"line":108,"column":56}},"69":{"start":{"line":105,"column":30},"end":{"line":105,"column":61}},"70":{"start":{"line":106,"column":8},"end":{"line":106,"column":81}},"71":{"start":{"line":107,"column":8},"end":{"line":107,"column":44}},"72":{"start":{"line":108,"column":20},"end":{"line":108,"column":54}},"73":{"start":{"line":111,"column":0},"end":{"line":119,"column":3}},"74":{"start":{"line":112,"column":4},"end":{"line":118,"column":56}},"75":{"start":{"line":113,"column":25},"end":{"line":113,"column":63}},"76":{"start":{"line":114,"column":8},"end":{"line":114,"column":50}},"77":{"start":{"line":114,"column":23},"end":{"line":114,"column":50}},"78":{"start":{"line":115,"column":8},"end":{"line":115,"column":80}},"79":{"start":{"line":116,"column":8},"end":{"line":116,"column":56}},"80":{"start":{"line":117,"column":8},"end":{"line":117,"column":28}},"81":{"start":{"line":118,"column":20},"end":{"line":118,"column":54}},"82":{"start":{"line":121,"column":0},"end":{"line":123,"column":3}},"83":{"start":{"line":122,"column":4},"end":{"line":122,"column":32}},"84":{"start":{"line":125,"column":0},"end":{"line":125,"column":34}},"85":{"start":{"line":126,"column":0},"end":{"line":126,"column":21}}},"fnMap":{"0":{"name":"(anonymous_0)","decl":{"start":{"line":19,"column":19},"end":{"line":19,"column":20}},"loc":{"start":{"line":19,"column":39},"end":{"line":30,"column":1}},"line":19},"1":{"name":"(anonymous_1)","decl":{"start":{"line":32,"column":17},"end":{"line":32,"column":18}},"loc":{"start":{"line":32,"column":31},"end":{"line":34,"column":1}},"line":32},"2":{"name":"(anonymous_2)","decl":{"start":{"line":36,"column":26},"end":{"line":36,"column":27}},"loc":{"start":{"line":36,"column":46},"end":{"line":46,"column":1}},"line":36},"3":{"name":"(anonymous_3)","decl":{"start":{"line":48,"column":23},"end":{"line":48,"column":24}},"loc":{"start":{"line":48,"column":43},"end":{"line":60,"column":1}},"line":48},"4":{"name":"(anonymous_4)","decl":{"start":{"line":62,"column":25},"end":{"line":62,"column":26}},"loc":{"start":{"line":62,"column":45},"end":{"line":74,"column":1}},"line":62},"5":{"name":"(anonymous_5)","decl":{"start":{"line":76,"column":21},"end":{"line":76,"column":22}},"loc":{"start":{"line":76,"column":41},"end":{"line":78,"column":1}},"line":76},"6":{"name":"(anonymous_6)","decl":{"start":{"line":80,"column":25},"end":{"line":80,"column":26}},"loc":{"start":{"line":80,"column":45},"end":{"line":86,"column":1}},"line":80},"7":{"name":"(anonymous_7)","decl":{"start":{"line":88,"column":54},"end":{"line":88,"column":55}},"loc":{"start":{"line":88,"column":74},"end":{"line":92,"column":1}},"line":88},"8":{"name":"(anonymous_8)","decl":{"start":{"line":94,"column":60},"end":{"line":94,"column":61}},"loc":{"start":{"line":94,"column":80},"end":{"line":97,"column":1}},"line":94},"9":{"name":"(anonymous_9)","decl":{"start":{"line":99,"column":37},"end":{"line":99,"column":38}},"loc":{"start":{"line":99,"column":57},"end":{"line":101,"column":1}},"line":99},"10":{"name":"(anonymous_10)","decl":{"start":{"line":103,"column":38},"end":{"line":103,"column":39}},"loc":{"start":{"line":103,"column":58},"end":{"line":109,"column":1}},"line":103},"11":{"name":"(anonymous_11)","decl":{"start":{"line":111,"column":62},"end":{"line":111,"column":63}},"loc":{"start":{"line":111,"column":82},"end":{"line":119,"column":1}},"line":111},"12":{"name":"(anonymous_12)","decl":{"start":{"line":121,"column":53},"end":{"line":121,"column":54}},"loc":{"start":{"line":121,"column":73},"end":{"line":123,"column":1}},"line":121}},"branchMap":{"0":{"loc":{"start":{"line":16,"column":18},"end":{"line":16,"column":70}},"type":"cond-expr","locations":[{"start":{"line":16,"column":52},"end":{"line":16,"column":62}},{"start":{"line":16,"column":65},"end":{"line":16,"column":70}}],"line":16},"1":{"loc":{"start":{"line":39,"column":8},"end":{"line":39,"column":85}},"type":"if","locations":[{"start":{"line":39,"column":8},"end":{"line":39,"column":85}},{"start":{},"end":{}}],"line":39},"2":{"loc":{"start":{"line":53,"column":8},"end":{"line":55,"column":9}},"type":"if","locations":[{"start":{"line":53,"column":8},"end":{"line":55,"column":9}},{"start":{},"end":{}}],"line":53},"3":{"loc":{"start":{"line":53,"column":12},"end":{"line":53,"column":60}},"type":"binary-expr","locations":[{"start":{"line":53,"column":12},"end":{"line":53,"column":17}},{"start":{"line":53,"column":21},"end":{"line":53,"column":60}}],"line":53},"4":{"loc":{"start":{"line":64,"column":4},"end":{"line":64,"column":86}},"type":"if","locations":[{"start":{"line":64,"column":4},"end":{"line":64,"column":86}},{"start":{},"end":{}}],"line":64},"5":{"loc":{"start":{"line":69,"column":8},"end":{"line":69,"column":85}},"type":"if","locations":[{"start":{"line":69,"column":8},"end":{"line":69,"column":85}},{"start":{},"end":{}}],"line":69},"6":{"loc":{"start":{"line":83,"column":8},"end":{"line":83,"column":74}},"type":"if","locations":[{"start":{"line":83,"column":8},"end":{"line":83,"column":74}},{"start":{},"end":{}}],"line":83},"7":{"loc":{"start":{"line":95,"column":4},"end":{"line":95,"column":83}},"type":"if","locations":[{"start":{"line":95,"column":4},"end":{"line":95,"column":83}},{"start":{},"end":{}}],"line":95},"8":{"loc":{"start":{"line":114,"column":8},"end":{"line":114,"column":50}},"type":"if","locations":[{"start":{"line":114,"column":8},"end":{"line":114,"column":50}},{"start":{},"end":{}}],"line":114}},"s":{"0":1,"1":1,"2":1,"3":1,"4":1,"5":1,"6":1,"7":1,"8":1,"9":1,"10":1,"11":1,"12":1,"13":1,"14":1,"15":0,"16":0,"17":0,"18":0,"19":1,"20":0,"21":1,"22":1,"23":1,"24":1,"25":0,"26":1,"27":1,"28":0,"29":1,"30":10,"31":10,"32":10,"33":10,"34":0,"35":10,"36":0,"37":1,"38":0,"39":0,"40":0,"41":0,"42":0,"43":0,"44":0,"45":0,"46":0,"47":0,"48":1,"49":1,"50":1,"51":1,"52":1,"53":0,"54":0,"55":0,"56":1,"57":1,"58":2,"59":2,"60":1,"61":1,"62":0,"63":0,"64":0,"65":1,"66":1,"67":1,"68":1,"69":1,"70":1,"71":1,"72":0,"73":1,"74":0,"75":0,"76":0,"77":0,"78":0,"79":0,"80":0,"81":0,"82":1,"83":0,"84":1,"85":1},"f":{"0":0,"1":0,"2":1,"3":10,"4":0,"5":1,"6":1,"7":2,"8":0,"9":1,"10":1,"11":0,"12":0},"b":{"0":[0,1],"1":[0,1],"2":[0,10],"3":[10,10],"4":[0,0],"5":[0,0],"6":[0,0],"7":[0,0],"8":[0,0]},"_coverageSchema":"1a1c01bbd47fc00a2c39e90264f33305004495a9","hash":"2310f9568d881816fb7203bb3d3ca63781471ee9","contentHash":"06120337a095348e166addba673959f0bda3df9925f0bea18de5ccfe723fe1aa"},"C:\\Users\\DAW2\\Desktop\\paw-connect\\models\\Animal.js":{"path":"C:\\Users\\DAW2\\Desktop\\paw-connect\\models\\Animal.js","statementMap":{"0":{"start":{"line":1,"column":17},"end":{"line":1,"column":36}},"1":{"start":{"line":3,"column":21},"end":{"line":30,"column":2}},"2":{"start":{"line":32,"column":0},"end":{"line":32,"column":56}}},"fnMap":{},"branchMap":{},"s":{"0":1,"1":1,"2":1},"f":{},"b":{},"_coverageSchema":"1a1c01bbd47fc00a2c39e90264f33305004495a9","hash":"1cdc3d4c9cd3cb8de3684dd3fd65c8771b67f553","contentHash":"c2ff2512a23aacd777295d702c64582b29f62d942a5a0ebbab5697ef1e04a589"},"C:\\Users\\DAW2\\Desktop\\paw-connect\\models\\User.js":{"path":"C:\\Users\\DAW2\\Desktop\\paw-connect\\models\\User.js","statementMap":{"0":{"start":{"line":1,"column":17},"end":{"line":1,"column":36}},"1":{"start":{"line":2,"column":15},"end":{"line":2,"column":34}},"2":{"start":{"line":4,"column":19},"end":{"line":21,"column":24}},"3":{"start":{"line":24,"column":0},"end":{"line":32,"column":3}},"4":{"start":{"line":25,"column":4},"end":{"line":25,"column":45}},"5":{"start":{"line":25,"column":38},"end":{"line":25,"column":45}},"6":{"start":{"line":27,"column":4},"end":{"line":31,"column":5}},"7":{"start":{"line":28,"column":8},"end":{"line":28,"column":61}},"8":{"start":{"line":30,"column":8},"end":{"line":30,"column":20}},"9":{"start":{"line":34,"column":0},"end":{"line":36,"column":2}},"10":{"start":{"line":35,"column":4},"end":{"line":35,"column":48}},"11":{"start":{"line":38,"column":0},"end":{"line":38,"column":52}}},"fnMap":{"0":{"name":"(anonymous_0)","decl":{"start":{"line":24,"column":23},"end":{"line":24,"column":24}},"loc":{"start":{"line":24,"column":45},"end":{"line":32,"column":1}},"line":24},"1":{"name":"(anonymous_1)","decl":{"start":{"line":34,"column":37},"end":{"line":34,"column":38}},"loc":{"start":{"line":34,"column":54},"end":{"line":36,"column":1}},"line":34}},"branchMap":{"0":{"loc":{"start":{"line":25,"column":4},"end":{"line":25,"column":45}},"type":"if","locations":[{"start":{"line":25,"column":4},"end":{"line":25,"column":45}},{"start":{},"end":{}}],"line":25}},"s":{"0":1,"1":1,"2":1,"3":1,"4":14,"5":0,"6":14,"7":14,"8":0,"9":1,"10":10,"11":1},"f":{"0":14,"1":10},"b":{"0":[0,14]},"_coverageSchema":"1a1c01bbd47fc00a2c39e90264f33305004495a9","hash":"bfadf9150b046bd605caa695770271dc2e582b12","contentHash":"224871f26c185b56b5a18a4abef79417c48dea79e7c0ed19af7bc69959b26fbc"},"C:\\Users\\DAW2\\Desktop\\paw-connect\\models\\Adoption.js":{"path":"C:\\Users\\DAW2\\Desktop\\paw-connect\\models\\Adoption.js","statementMap":{"0":{"start":{"line":1,"column":17},"end":{"line":1,"column":36}},"1":{"start":{"line":3,"column":23},"end":{"line":22,"column":2}},"2":{"start":{"line":24,"column":0},"end":{"line":24,"column":60}}},"fnMap":{},"branchMap":{},"s":{"0":1,"1":1,"2":1},"f":{},"b":{},"_coverageSchema":"1a1c01bbd47fc00a2c39e90264f33305004495a9","hash":"c70e40e51eb6015874e4174b8220ea665002dcee","contentHash":"605f3779f4d9654dfb1b2a02c7b4849ea0b23554a6d8cbd4bec78d071b15f138"},"C:\\Users\\DAW2\\Desktop\\paw-connect\\utils\\jwt.js":{"path":"C:\\Users\\DAW2\\Desktop\\paw-connect\\utils\\jwt.js","statementMap":{"0":{"start":{"line":1,"column":12},"end":{"line":1,"column":35}},"1":{"start":{"line":5,"column":20},"end":{"line":9,"column":5}},"2":{"start":{"line":11,"column":19},"end":{"line":13,"column":6}},"3":{"start":{"line":15,"column":20},"end":{"line":19,"column":5}},"4":{"start":{"line":21,"column":4},"end":{"line":21,"column":31}},"5":{"start":{"line":26,"column":4},"end":{"line":26,"column":53}},"6":{"start":{"line":31,"column":4},"end":{"line":31,"column":61}},"7":{"start":{"line":34,"column":0},"end":{"line":38,"column":2}}},"fnMap":{"0":{"name":"generateTokens","decl":{"start":{"line":4,"column":9},"end":{"line":4,"column":23}},"loc":{"start":{"line":4,"column":30},"end":{"line":22,"column":1}},"line":4},"1":{"name":"verifyAccessToken","decl":{"start":{"line":25,"column":9},"end":{"line":25,"column":26}},"loc":{"start":{"line":25,"column":34},"end":{"line":27,"column":1}},"line":25},"2":{"name":"verifyRefreshToken","decl":{"start":{"line":30,"column":9},"end":{"line":30,"column":27}},"loc":{"start":{"line":30,"column":35},"end":{"line":32,"column":1}},"line":30}},"branchMap":{"0":{"loc":{"start":{"line":11,"column":37},"end":{"line":11,"column":76}},"type":"binary-expr","locations":[{"start":{"line":11,"column":37},"end":{"line":11,"column":59}},{"start":{"line":11,"column":63},"end":{"line":11,"column":76}}],"line":11},"1":{"loc":{"start":{"line":12,"column":19},"end":{"line":12,"column":59}},"type":"binary-expr","locations":[{"start":{"line":12,"column":19},"end":{"line":12,"column":50}},{"start":{"line":12,"column":54},"end":{"line":12,"column":59}}],"line":12},"2":{"loc":{"start":{"line":17,"column":8},"end":{"line":17,"column":63}},"type":"binary-expr","locations":[{"start":{"line":17,"column":8},"end":{"line":17,"column":38}},{"start":{"line":17,"column":42},"end":{"line":17,"column":63}}],"line":17},"3":{"loc":{"start":{"line":18,"column":21},"end":{"line":18,"column":61}},"type":"binary-expr","locations":[{"start":{"line":18,"column":21},"end":{"line":18,"column":53}},{"start":{"line":18,"column":57},"end":{"line":18,"column":61}}],"line":18}},"s":{"0":1,"1":10,"2":10,"3":10,"4":10,"5":4,"6":0,"7":1},"f":{"0":10,"1":4,"2":0},"b":{"0":[10,0],"1":[10,0],"2":[10,0],"3":[10,0]},"_coverageSchema":"1a1c01bbd47fc00a2c39e90264f33305004495a9","hash":"75b830aa74e57457f2284bcf0c8c426db5129b01","contentHash":"d367b5eb5bbf429b637df5659cd2c8bdb4db8d1f9ba1ee954605cb0119947ed7"},"C:\\Users\\DAW2\\Desktop\\paw-connect\\middleware\\auth.js":{"path":"C:\\Users\\DAW2\\Desktop\\paw-connect\\middleware\\auth.js","statementMap":{"0":{"start":{"line":1,"column":30},"end":{"line":1,"column":53}},"1":{"start":{"line":4,"column":19},"end":{"line":4,"column":44}},"2":{"start":{"line":7,"column":4},"end":{"line":9,"column":5}},"3":{"start":{"line":8,"column":8},"end":{"line":8,"column":95}},"4":{"start":{"line":11,"column":18},"end":{"line":11,"column":38}},"5":{"start":{"line":13,"column":4},"end":{"line":19,"column":5}},"6":{"start":{"line":14,"column":8},"end":{"line":14,"column":44}},"7":{"start":{"line":15,"column":8},"end":{"line":15,"column":15}},"8":{"start":{"line":18,"column":8},"end":{"line":18,"column":77}},"9":{"start":{"line":23,"column":4},"end":{"line":33,"column":6}},"10":{"start":{"line":24,"column":26},"end":{"line":24,"column":47}},"11":{"start":{"line":26,"column":30},"end":{"line":26,"column":82}},"12":{"start":{"line":26,"column":57},"end":{"line":26,"column":81}},"13":{"start":{"line":28,"column":8},"end":{"line":30,"column":9}},"14":{"start":{"line":29,"column":12},"end":{"line":29,"column":86}},"15":{"start":{"line":32,"column":8},"end":{"line":32,"column":15}},"16":{"start":{"line":36,"column":0},"end":{"line":36,"column":43}}},"fnMap":{"0":{"name":"authenticate","decl":{"start":{"line":3,"column":9},"end":{"line":3,"column":21}},"loc":{"start":{"line":3,"column":38},"end":{"line":20,"column":1}},"line":3},"1":{"name":"hasRole","decl":{"start":{"line":22,"column":9},"end":{"line":22,"column":16}},"loc":{"start":{"line":22,"column":35},"end":{"line":34,"column":1}},"line":22},"2":{"name":"(anonymous_2)","decl":{"start":{"line":23,"column":11},"end":{"line":23,"column":12}},"loc":{"start":{"line":23,"column":31},"end":{"line":33,"column":5}},"line":23},"3":{"name":"(anonymous_3)","decl":{"start":{"line":26,"column":49},"end":{"line":26,"column":50}},"loc":{"start":{"line":26,"column":57},"end":{"line":26,"column":81}},"line":26}},"branchMap":{"0":{"loc":{"start":{"line":7,"column":4},"end":{"line":9,"column":5}},"type":"if","locations":[{"start":{"line":7,"column":4},"end":{"line":9,"column":5}},{"start":{},"end":{}}],"line":7},"1":{"loc":{"start":{"line":24,"column":26},"end":{"line":24,"column":47}},"type":"binary-expr","locations":[{"start":{"line":24,"column":26},"end":{"line":24,"column":41}},{"start":{"line":24,"column":45},"end":{"line":24,"column":47}}],"line":24},"2":{"loc":{"start":{"line":28,"column":8},"end":{"line":30,"column":9}},"type":"if","locations":[{"start":{"line":28,"column":8},"end":{"line":30,"column":9}},{"start":{},"end":{}}],"line":28}},"s":{"0":1,"1":4,"2":4,"3":0,"4":4,"5":4,"6":4,"7":4,"8":0,"9":4,"10":2,"11":2,"12":2,"13":2,"14":0,"15":2,"16":1},"f":{"0":4,"1":4,"2":2,"3":2},"b":{"0":[0,4],"1":[2,0],"2":[0,2]},"_coverageSchema":"1a1c01bbd47fc00a2c39e90264f33305004495a9","hash":"e88716ae8584f041cc851e3e46d40034771dd835","contentHash":"8eada74d6f957643ce638fa142c00ad29507bce138150a4d2ff6f6c6d60d6acd"}}